// -----------------------------------

Instalado (04/02/2014 19:40:00):

	fabpot/silex-skeleton (v1.0.1)
		silex/silex (v1.1.2)
			pimple/pimple (v1.1.1)
			symfony/event-dispatcher (v2.4.1)
			symfony/routing (v2.4.1)
			symfony/http-foundation (v2.4.1)
			symfony/http-kernel (v2.4.1)
				symfony/event-dispatcher
				symfony/http-foundation
				symfony/debug
				psr/log (1.0.0)
		silex/web-profiler (v1.0.2)
			symfony/stopwatch (v2.4.1)
			symfony/web-profiler-bundle (v2.4.1)
				symfony/http-kernel
				symfony/routing
				symfony/twig-bridge
		symfony/class-loader (v2.4.1)
		symfony/console (v2.4.1)
		symfony/debug (v2.4.1)
		symfony/filesystem (v2.4.1)
		symfony/finder (v2.4.1)
		symfony/monolog-bridge (v2.4.1)
			monolog/monolog (1.7.0)
				psr/log
		symfony/translation (v2.4.1)
		symfony/twig-bridge (v2.4.1)
			twig/twig (v1.15.0)
			symfony/security-csrf (v2.4.1)
				symfony/security-core (v2.4.1)
		doctrine/dbal (2.3.4)
			doctrine/common (v2.4.1)
				doctrine/annotations (v1.1.2)
				doctrine/cache (v1.3.0)
				doctrine/collections (v1.2)
				doctrine/inflector (v1.0)
				doctrine/lexer (v1.0)
		swiftmailer/swiftmailer (v5.0.3)

// -----------------------------------

symfony/security-core suggests:
	symfony/validator (For using the user password constraint)
	symfony/expression-language (For using the expression voter)
	ircmaxell/password-compat (For using the BCrypt password encoder in PHP <5.5)

symfony/event-dispatcher suggests:
	symfony/dependency-injection ()

symfony/http-kernel suggests:
	symfony/browser-kit ()
	symfony/config ()
	symfony/dependency-injection ()

symfony/twig-bridge suggests:
	symfony/form (For using the FormExtension)
	symfony/templating (For using the TwigEngine)
	symfony/yaml (For using the YamlExtension)
	symfony/security (For using the SecurityExtension)

symfony/routing suggests:
	symfony/config (For using the all-in-one router or any loader)
	symfony/yaml (For using the YAML loader)
	symfony/expression-language (For using expression matching)

silex/silex suggests:
	symfony/browser-kit (>=2.3,<2.5-dev)
	symfony/css-selector (>=2.3,<2.5-dev)
	symfony/dom-crawler (>=2.3,<2.5-dev)
	symfony/form (>=2.3,<2.5-dev)

monolog/monolog suggests:
	mlehner/gelf-php (Allow sending log messages to a GrayLog2 server)
	raven/raven (Allow sending log messages to a Sentry server)
	doctrine/couchdb (Allow sending log messages to a CouchDB server)
	ruflin/elastica (Allow sending log messages to an Elastic Search server)
	ext-amqp (Allow sending log messages to an AMQP server (1.0+ required))
	ext-mongo (Allow sending log messages to a MongoDB server)
	aws/aws-sdk-php (Allow sending log messages to AWS services like DynamoDB)

symfony/translation suggests:
	symfony/config ()
	symfony/yaml ()

// -----------------------------------
